{"D:\\67160037\\student-api\\app.js": {"path":"D:\\67160037\\student-api\\app.js","statementMap":{"0":{"start":{"line":1,"column":16},"end":{"line":1,"column":34}},"1":{"start":{"line":2,"column":15},"end":{"line":2,"column":32}},"2":{"start":{"line":3,"column":13},"end":{"line":3,"column":28}},"3":{"start":{"line":4,"column":15},"end":{"line":4,"column":32}},"4":{"start":{"line":5,"column":24},"end":{"line":5,"column":50}},"5":{"start":{"line":6,"column":15},"end":{"line":6,"column":34}},"6":{"start":{"line":7,"column":13},"end":{"line":7,"column":35}},"7":{"start":{"line":8,"column":13},"end":{"line":8,"column":28}},"8":{"start":{"line":9,"column":24},"end":{"line":9,"column":42}},"9":{"start":{"line":14,"column":4},"end":{"line":14,"column":41}},"10":{"start":{"line":15,"column":45},"end":{"line":15,"column":74}},"11":{"start":{"line":20,"column":4},"end":{"line":20,"column":29}},"12":{"start":{"line":22,"column":12},"end":{"line":22,"column":21}},"13":{"start":{"line":25,"column":0},"end":{"line":25,"column":18}},"14":{"start":{"line":26,"column":0},"end":{"line":31,"column":2}},"15":{"start":{"line":32,"column":0},"end":{"line":32,"column":23}},"16":{"start":{"line":33,"column":0},"end":{"line":33,"column":41}},"17":{"start":{"line":35,"column":0},"end":{"line":42,"column":2}},"18":{"start":{"line":45,"column":0},"end":{"line":47,"column":3}},"19":{"start":{"line":46,"column":2},"end":{"line":46,"column":63}},"20":{"start":{"line":52,"column":17},"end":{"line":52,"column":33}},"21":{"start":{"line":55,"column":0},"end":{"line":55,"column":33}},"22":{"start":{"line":58,"column":0},"end":{"line":117,"column":2}},"23":{"start":{"line":63,"column":22},"end":{"line":63,"column":31}},"24":{"start":{"line":64,"column":36},"end":{"line":64,"column":50}},"25":{"start":{"line":65,"column":29},"end":{"line":65,"column":37}},"26":{"start":{"line":68,"column":21},"end":{"line":68,"column":112}},"27":{"start":{"line":70,"column":4},"end":{"line":115,"column":5}},"28":{"start":{"line":72,"column":25},"end":{"line":72,"column":56}},"29":{"start":{"line":73,"column":6},"end":{"line":78,"column":7}},"30":{"start":{"line":74,"column":8},"end":{"line":77,"column":11}},"31":{"start":{"line":80,"column":22},"end":{"line":80,"column":46}},"32":{"start":{"line":81,"column":23},"end":{"line":81,"column":63}},"33":{"start":{"line":82,"column":21},"end":{"line":82,"column":23}},"34":{"start":{"line":84,"column":6},"end":{"line":88,"column":7}},"35":{"start":{"line":85,"column":8},"end":{"line":85,"column":40}},"36":{"start":{"line":86,"column":8},"end":{"line":86,"column":41}},"37":{"start":{"line":87,"column":8},"end":{"line":87,"column":27}},"38":{"start":{"line":91,"column":6},"end":{"line":91,"column":66}},"39":{"start":{"line":93,"column":21},"end":{"line":93,"column":76}},"40":{"start":{"line":94,"column":28},"end":{"line":94,"column":64}},"41":{"start":{"line":96,"column":30},"end":{"line":104,"column":7}},"42":{"start":{"line":107,"column":6},"end":{"line":107,"column":77}},"43":{"start":{"line":109,"column":6},"end":{"line":112,"column":9}},"44":{"start":{"line":114,"column":6},"end":{"line":114,"column":16}},"45":{"start":{"line":120,"column":0},"end":{"line":152,"column":3}},"46":{"start":{"line":121,"column":2},"end":{"line":151,"column":3}},"47":{"start":{"line":122,"column":19},"end":{"line":124,"column":6}},"48":{"start":{"line":126,"column":4},"end":{"line":130,"column":5}},"49":{"start":{"line":127,"column":6},"end":{"line":129,"column":9}},"50":{"start":{"line":132,"column":20},"end":{"line":132,"column":27}},"51":{"start":{"line":133,"column":33},"end":{"line":133,"column":64}},"52":{"start":{"line":135,"column":4},"end":{"line":146,"column":5}},"53":{"start":{"line":136,"column":31},"end":{"line":141,"column":7}},"54":{"start":{"line":142,"column":6},"end":{"line":145,"column":9}},"55":{"start":{"line":148,"column":4},"end":{"line":148,"column":63}},"56":{"start":{"line":150,"column":4},"end":{"line":150,"column":14}},"57":{"start":{"line":155,"column":0},"end":{"line":191,"column":3}},"58":{"start":{"line":156,"column":33},"end":{"line":156,"column":41}},"59":{"start":{"line":158,"column":2},"end":{"line":165,"column":3}},"60":{"start":{"line":159,"column":4},"end":{"line":164,"column":7}},"61":{"start":{"line":167,"column":2},"end":{"line":190,"column":3}},"62":{"start":{"line":168,"column":21},"end":{"line":171,"column":5}},"63":{"start":{"line":174,"column":17},"end":{"line":174,"column":53}},"64":{"start":{"line":175,"column":4},"end":{"line":177,"column":5}},"65":{"start":{"line":176,"column":6},"end":{"line":176,"column":34}},"66":{"start":{"line":179,"column":4},"end":{"line":182,"column":7}},"67":{"start":{"line":184,"column":4},"end":{"line":188,"column":5}},"68":{"start":{"line":185,"column":6},"end":{"line":187,"column":9}},"69":{"start":{"line":189,"column":4},"end":{"line":189,"column":14}},"70":{"start":{"line":194,"column":0},"end":{"line":226,"column":3}},"71":{"start":{"line":195,"column":26},"end":{"line":195,"column":34}},"72":{"start":{"line":197,"column":2},"end":{"line":204,"column":3}},"73":{"start":{"line":198,"column":4},"end":{"line":203,"column":7}},"74":{"start":{"line":206,"column":2},"end":{"line":225,"column":3}},"75":{"start":{"line":207,"column":21},"end":{"line":210,"column":5}},"76":{"start":{"line":212,"column":4},"end":{"line":216,"column":5}},"77":{"start":{"line":213,"column":6},"end":{"line":215,"column":9}},"78":{"start":{"line":218,"column":19},"end":{"line":220,"column":6}},"79":{"start":{"line":222,"column":4},"end":{"line":222,"column":74}},"80":{"start":{"line":224,"column":4},"end":{"line":224,"column":14}},"81":{"start":{"line":229,"column":0},"end":{"line":278,"column":3}},"82":{"start":{"line":230,"column":33},"end":{"line":230,"column":41}},"83":{"start":{"line":232,"column":2},"end":{"line":239,"column":3}},"84":{"start":{"line":233,"column":4},"end":{"line":238,"column":7}},"85":{"start":{"line":241,"column":2},"end":{"line":277,"column":3}},"86":{"start":{"line":242,"column":27},"end":{"line":245,"column":5}},"87":{"start":{"line":247,"column":4},"end":{"line":251,"column":5}},"88":{"start":{"line":248,"column":6},"end":{"line":250,"column":9}},"89":{"start":{"line":253,"column":20},"end":{"line":253,"column":35}},"90":{"start":{"line":254,"column":20},"end":{"line":258,"column":5}},"91":{"start":{"line":260,"column":4},"end":{"line":263,"column":6}},"92":{"start":{"line":265,"column":19},"end":{"line":267,"column":6}},"93":{"start":{"line":269,"column":4},"end":{"line":269,"column":74}},"94":{"start":{"line":271,"column":4},"end":{"line":275,"column":5}},"95":{"start":{"line":272,"column":6},"end":{"line":274,"column":9}},"96":{"start":{"line":276,"column":4},"end":{"line":276,"column":14}},"97":{"start":{"line":281,"column":0},"end":{"line":300,"column":2}},"98":{"start":{"line":286,"column":4},"end":{"line":298,"column":5}},"99":{"start":{"line":287,"column":23},"end":{"line":289,"column":8}},"100":{"start":{"line":290,"column":6},"end":{"line":294,"column":7}},"101":{"start":{"line":291,"column":8},"end":{"line":293,"column":11}},"102":{"start":{"line":295,"column":6},"end":{"line":295,"column":58}},"103":{"start":{"line":297,"column":6},"end":{"line":297,"column":16}},"104":{"start":{"line":303,"column":0},"end":{"line":305,"column":3}},"105":{"start":{"line":304,"column":2},"end":{"line":304,"column":62}},"106":{"start":{"line":308,"column":0},"end":{"line":361,"column":3}},"107":{"start":{"line":309,"column":20},"end":{"line":309,"column":33}},"108":{"start":{"line":310,"column":23},"end":{"line":310,"column":31}},"109":{"start":{"line":311,"column":21},"end":{"line":311,"column":47}},"110":{"start":{"line":313,"column":2},"end":{"line":360,"column":3}},"111":{"start":{"line":314,"column":4},"end":{"line":314,"column":40}},"112":{"start":{"line":316,"column":25},"end":{"line":319,"column":5}},"113":{"start":{"line":321,"column":4},"end":{"line":326,"column":5}},"114":{"start":{"line":322,"column":6},"end":{"line":322,"column":34}},"115":{"start":{"line":323,"column":6},"end":{"line":325,"column":9}},"116":{"start":{"line":328,"column":4},"end":{"line":333,"column":5}},"117":{"start":{"line":329,"column":6},"end":{"line":329,"column":34}},"118":{"start":{"line":330,"column":6},"end":{"line":332,"column":9}},"119":{"start":{"line":335,"column":4},"end":{"line":338,"column":6}},"120":{"start":{"line":340,"column":4},"end":{"line":343,"column":6}},"121":{"start":{"line":345,"column":4},"end":{"line":345,"column":30}},"122":{"start":{"line":346,"column":4},"end":{"line":346,"column":57}},"123":{"start":{"line":348,"column":4},"end":{"line":348,"column":32}},"124":{"start":{"line":349,"column":4},"end":{"line":356,"column":5}},"125":{"start":{"line":350,"column":6},"end":{"line":355,"column":9}},"126":{"start":{"line":357,"column":4},"end":{"line":357,"column":14}},"127":{"start":{"line":359,"column":4},"end":{"line":359,"column":25}},"128":{"start":{"line":364,"column":0},"end":{"line":395,"column":3}},"129":{"start":{"line":365,"column":30},"end":{"line":365,"column":38}},"130":{"start":{"line":367,"column":2},"end":{"line":374,"column":3}},"131":{"start":{"line":368,"column":4},"end":{"line":373,"column":7}},"132":{"start":{"line":376,"column":2},"end":{"line":394,"column":3}},"133":{"start":{"line":377,"column":25},"end":{"line":377,"column":53}},"134":{"start":{"line":378,"column":21},"end":{"line":381,"column":5}},"135":{"start":{"line":383,"column":4},"end":{"line":386,"column":7}},"136":{"start":{"line":388,"column":4},"end":{"line":392,"column":5}},"137":{"start":{"line":389,"column":6},"end":{"line":391,"column":9}},"138":{"start":{"line":393,"column":4},"end":{"line":393,"column":14}},"139":{"start":{"line":397,"column":0},"end":{"line":440,"column":3}},"140":{"start":{"line":398,"column":30},"end":{"line":398,"column":38}},"141":{"start":{"line":400,"column":2},"end":{"line":407,"column":3}},"142":{"start":{"line":401,"column":4},"end":{"line":406,"column":7}},"143":{"start":{"line":409,"column":2},"end":{"line":439,"column":3}},"144":{"start":{"line":410,"column":19},"end":{"line":412,"column":6}},"145":{"start":{"line":414,"column":4},"end":{"line":421,"column":5}},"146":{"start":{"line":415,"column":6},"end":{"line":420,"column":9}},"147":{"start":{"line":423,"column":17},"end":{"line":423,"column":24}},"148":{"start":{"line":424,"column":28},"end":{"line":424,"column":78}},"149":{"start":{"line":426,"column":4},"end":{"line":433,"column":5}},"150":{"start":{"line":427,"column":6},"end":{"line":432,"column":9}},"151":{"start":{"line":435,"column":18},"end":{"line":435,"column":37}},"152":{"start":{"line":436,"column":4},"end":{"line":436,"column":66}},"153":{"start":{"line":438,"column":4},"end":{"line":438,"column":14}},"154":{"start":{"line":443,"column":0},"end":{"line":455,"column":3}},"155":{"start":{"line":444,"column":2},"end":{"line":454,"column":3}},"156":{"start":{"line":445,"column":19},"end":{"line":450,"column":5}},"157":{"start":{"line":451,"column":4},"end":{"line":451,"column":60}},"158":{"start":{"line":453,"column":4},"end":{"line":453,"column":14}},"159":{"start":{"line":458,"column":0},"end":{"line":479,"column":3}},"160":{"start":{"line":459,"column":19},"end":{"line":459,"column":32}},"161":{"start":{"line":460,"column":2},"end":{"line":478,"column":3}},"162":{"start":{"line":461,"column":23},"end":{"line":461,"column":54}},"163":{"start":{"line":462,"column":4},"end":{"line":467,"column":5}},"164":{"start":{"line":463,"column":6},"end":{"line":466,"column":9}},"165":{"start":{"line":469,"column":19},"end":{"line":469,"column":60}},"166":{"start":{"line":470,"column":4},"end":{"line":470,"column":65}},"167":{"start":{"line":472,"column":4},"end":{"line":475,"column":7}},"168":{"start":{"line":477,"column":4},"end":{"line":477,"column":14}},"169":{"start":{"line":481,"column":0},"end":{"line":481,"column":29}},"170":{"start":{"line":486,"column":17},"end":{"line":486,"column":33}},"171":{"start":{"line":488,"column":0},"end":{"line":495,"column":3}},"172":{"start":{"line":489,"column":2},"end":{"line":494,"column":3}},"173":{"start":{"line":490,"column":19},"end":{"line":490,"column":61}},"174":{"start":{"line":491,"column":4},"end":{"line":491,"column":62}},"175":{"start":{"line":493,"column":4},"end":{"line":493,"column":14}},"176":{"start":{"line":497,"column":0},"end":{"line":497,"column":29}},"177":{"start":{"line":502,"column":0},"end":{"line":506,"column":3}},"178":{"start":{"line":503,"column":2},"end":{"line":505,"column":5}},"179":{"start":{"line":508,"column":0},"end":{"line":520,"column":3}},"180":{"start":{"line":509,"column":2},"end":{"line":509,"column":27}},"181":{"start":{"line":510,"column":21},"end":{"line":510,"column":56}},"182":{"start":{"line":511,"column":2},"end":{"line":519,"column":5}},"183":{"start":{"line":522,"column":0},"end":{"line":522,"column":21}}},"fnMap":{"0":{"name":"(anonymous_0)","decl":{"start":{"line":45,"column":13},"end":{"line":45,"column":14}},"loc":{"start":{"line":45,"column":27},"end":{"line":47,"column":1}},"line":45},"1":{"name":"(anonymous_1)","decl":{"start":{"line":62,"column":2},"end":{"line":62,"column":3}},"loc":{"start":{"line":62,"column":28},"end":{"line":116,"column":3}},"line":62},"2":{"name":"(anonymous_2)","decl":{"start":{"line":120,"column":30},"end":{"line":120,"column":31}},"loc":{"start":{"line":120,"column":56},"end":{"line":152,"column":1}},"line":120},"3":{"name":"(anonymous_3)","decl":{"start":{"line":155,"column":27},"end":{"line":155,"column":28}},"loc":{"start":{"line":155,"column":53},"end":{"line":191,"column":1}},"line":155},"4":{"name":"(anonymous_4)","decl":{"start":{"line":194,"column":30},"end":{"line":194,"column":31}},"loc":{"start":{"line":194,"column":56},"end":{"line":226,"column":1}},"line":194},"5":{"name":"(anonymous_5)","decl":{"start":{"line":229,"column":32},"end":{"line":229,"column":33}},"loc":{"start":{"line":229,"column":58},"end":{"line":278,"column":1}},"line":229},"6":{"name":"(anonymous_6)","decl":{"start":{"line":285,"column":2},"end":{"line":285,"column":3}},"loc":{"start":{"line":285,"column":28},"end":{"line":299,"column":3}},"line":285},"7":{"name":"(anonymous_7)","decl":{"start":{"line":303,"column":44},"end":{"line":303,"column":45}},"loc":{"start":{"line":303,"column":58},"end":{"line":305,"column":1}},"line":303},"8":{"name":"(anonymous_8)","decl":{"start":{"line":308,"column":43},"end":{"line":308,"column":44}},"loc":{"start":{"line":308,"column":69},"end":{"line":361,"column":1}},"line":308},"9":{"name":"(anonymous_9)","decl":{"start":{"line":364,"column":32},"end":{"line":364,"column":33}},"loc":{"start":{"line":364,"column":58},"end":{"line":395,"column":1}},"line":364},"10":{"name":"(anonymous_10)","decl":{"start":{"line":397,"column":29},"end":{"line":397,"column":30}},"loc":{"start":{"line":397,"column":55},"end":{"line":440,"column":1}},"line":397},"11":{"name":"(anonymous_11)","decl":{"start":{"line":443,"column":38},"end":{"line":443,"column":39}},"loc":{"start":{"line":443,"column":64},"end":{"line":455,"column":1}},"line":443},"12":{"name":"(anonymous_12)","decl":{"start":{"line":458,"column":25},"end":{"line":458,"column":26}},"loc":{"start":{"line":458,"column":51},"end":{"line":479,"column":1}},"line":458},"13":{"name":"(anonymous_13)","decl":{"start":{"line":488,"column":26},"end":{"line":488,"column":27}},"loc":{"start":{"line":488,"column":52},"end":{"line":495,"column":1}},"line":488},"14":{"name":"(anonymous_14)","decl":{"start":{"line":502,"column":8},"end":{"line":502,"column":9}},"loc":{"start":{"line":502,"column":22},"end":{"line":506,"column":1}},"line":502},"15":{"name":"(anonymous_15)","decl":{"start":{"line":508,"column":8},"end":{"line":508,"column":9}},"loc":{"start":{"line":508,"column":33},"end":{"line":520,"column":1}},"line":508}},"branchMap":{"0":{"loc":{"start":{"line":68,"column":67},"end":{"line":68,"column":81}},"type":"binary-expr","locations":[{"start":{"line":68,"column":67},"end":{"line":68,"column":72}},{"start":{"line":68,"column":76},"end":{"line":68,"column":81}}],"line":68},"1":{"loc":{"start":{"line":73,"column":6},"end":{"line":78,"column":7}},"type":"if","locations":[{"start":{"line":73,"column":6},"end":{"line":78,"column":7}},{"start":{},"end":{}}],"line":73},"2":{"loc":{"start":{"line":84,"column":6},"end":{"line":88,"column":7}},"type":"if","locations":[{"start":{"line":84,"column":6},"end":{"line":88,"column":7}},{"start":{},"end":{}}],"line":84},"3":{"loc":{"start":{"line":126,"column":4},"end":{"line":130,"column":5}},"type":"if","locations":[{"start":{"line":126,"column":4},"end":{"line":130,"column":5}},{"start":{},"end":{}}],"line":126},"4":{"loc":{"start":{"line":135,"column":4},"end":{"line":146,"column":5}},"type":"if","locations":[{"start":{"line":135,"column":4},"end":{"line":146,"column":5}},{"start":{},"end":{}}],"line":135},"5":{"loc":{"start":{"line":158,"column":2},"end":{"line":165,"column":3}},"type":"if","locations":[{"start":{"line":158,"column":2},"end":{"line":165,"column":3}},{"start":{},"end":{}}],"line":158},"6":{"loc":{"start":{"line":158,"column":6},"end":{"line":158,"column":31}},"type":"binary-expr","locations":[{"start":{"line":158,"column":6},"end":{"line":158,"column":11}},{"start":{"line":158,"column":15},"end":{"line":158,"column":21}},{"start":{"line":158,"column":25},"end":{"line":158,"column":31}}],"line":158},"7":{"loc":{"start":{"line":175,"column":4},"end":{"line":177,"column":5}},"type":"if","locations":[{"start":{"line":175,"column":4},"end":{"line":177,"column":5}},{"start":{},"end":{}}],"line":175},"8":{"loc":{"start":{"line":184,"column":4},"end":{"line":188,"column":5}},"type":"if","locations":[{"start":{"line":184,"column":4},"end":{"line":188,"column":5}},{"start":{},"end":{}}],"line":184},"9":{"loc":{"start":{"line":197,"column":2},"end":{"line":204,"column":3}},"type":"if","locations":[{"start":{"line":197,"column":2},"end":{"line":204,"column":3}},{"start":{},"end":{}}],"line":197},"10":{"loc":{"start":{"line":197,"column":6},"end":{"line":197,"column":21}},"type":"binary-expr","locations":[{"start":{"line":197,"column":6},"end":{"line":197,"column":11}},{"start":{"line":197,"column":15},"end":{"line":197,"column":21}}],"line":197},"11":{"loc":{"start":{"line":212,"column":4},"end":{"line":216,"column":5}},"type":"if","locations":[{"start":{"line":212,"column":4},"end":{"line":216,"column":5}},{"start":{},"end":{}}],"line":212},"12":{"loc":{"start":{"line":232,"column":2},"end":{"line":239,"column":3}},"type":"if","locations":[{"start":{"line":232,"column":2},"end":{"line":239,"column":3}},{"start":{},"end":{}}],"line":232},"13":{"loc":{"start":{"line":232,"column":6},"end":{"line":232,"column":70}},"type":"binary-expr","locations":[{"start":{"line":232,"column":6},"end":{"line":232,"column":24}},{"start":{"line":232,"column":28},"end":{"line":232,"column":47}},{"start":{"line":232,"column":51},"end":{"line":232,"column":70}}],"line":232},"14":{"loc":{"start":{"line":247,"column":4},"end":{"line":251,"column":5}},"type":"if","locations":[{"start":{"line":247,"column":4},"end":{"line":251,"column":5}},{"start":{},"end":{}}],"line":247},"15":{"loc":{"start":{"line":255,"column":12},"end":{"line":255,"column":52}},"type":"cond-expr","locations":[{"start":{"line":255,"column":33},"end":{"line":255,"column":37}},{"start":{"line":255,"column":40},"end":{"line":255,"column":52}}],"line":255},"16":{"loc":{"start":{"line":256,"column":13},"end":{"line":256,"column":56}},"type":"cond-expr","locations":[{"start":{"line":256,"column":35},"end":{"line":256,"column":40}},{"start":{"line":256,"column":43},"end":{"line":256,"column":56}}],"line":256},"17":{"loc":{"start":{"line":257,"column":13},"end":{"line":257,"column":56}},"type":"cond-expr","locations":[{"start":{"line":257,"column":35},"end":{"line":257,"column":40}},{"start":{"line":257,"column":43},"end":{"line":257,"column":56}}],"line":257},"18":{"loc":{"start":{"line":271,"column":4},"end":{"line":275,"column":5}},"type":"if","locations":[{"start":{"line":271,"column":4},"end":{"line":275,"column":5}},{"start":{},"end":{}}],"line":271},"19":{"loc":{"start":{"line":290,"column":6},"end":{"line":294,"column":7}},"type":"if","locations":[{"start":{"line":290,"column":6},"end":{"line":294,"column":7}},{"start":{},"end":{}}],"line":290},"20":{"loc":{"start":{"line":321,"column":4},"end":{"line":326,"column":5}},"type":"if","locations":[{"start":{"line":321,"column":4},"end":{"line":326,"column":5}},{"start":{},"end":{}}],"line":321},"21":{"loc":{"start":{"line":328,"column":4},"end":{"line":333,"column":5}},"type":"if","locations":[{"start":{"line":328,"column":4},"end":{"line":333,"column":5}},{"start":{},"end":{}}],"line":328},"22":{"loc":{"start":{"line":349,"column":4},"end":{"line":356,"column":5}},"type":"if","locations":[{"start":{"line":349,"column":4},"end":{"line":356,"column":5}},{"start":{},"end":{}}],"line":349},"23":{"loc":{"start":{"line":367,"column":2},"end":{"line":374,"column":3}},"type":"if","locations":[{"start":{"line":367,"column":2},"end":{"line":374,"column":3}},{"start":{},"end":{}}],"line":367},"24":{"loc":{"start":{"line":367,"column":6},"end":{"line":367,"column":25}},"type":"binary-expr","locations":[{"start":{"line":367,"column":6},"end":{"line":367,"column":12}},{"start":{"line":367,"column":16},"end":{"line":367,"column":25}}],"line":367},"25":{"loc":{"start":{"line":388,"column":4},"end":{"line":392,"column":5}},"type":"if","locations":[{"start":{"line":388,"column":4},"end":{"line":392,"column":5}},{"start":{},"end":{}}],"line":388},"26":{"loc":{"start":{"line":400,"column":2},"end":{"line":407,"column":3}},"type":"if","locations":[{"start":{"line":400,"column":2},"end":{"line":407,"column":3}},{"start":{},"end":{}}],"line":400},"27":{"loc":{"start":{"line":400,"column":6},"end":{"line":400,"column":25}},"type":"binary-expr","locations":[{"start":{"line":400,"column":6},"end":{"line":400,"column":12}},{"start":{"line":400,"column":16},"end":{"line":400,"column":25}}],"line":400},"28":{"loc":{"start":{"line":414,"column":4},"end":{"line":421,"column":5}},"type":"if","locations":[{"start":{"line":414,"column":4},"end":{"line":421,"column":5}},{"start":{},"end":{}}],"line":414},"29":{"loc":{"start":{"line":426,"column":4},"end":{"line":433,"column":5}},"type":"if","locations":[{"start":{"line":426,"column":4},"end":{"line":433,"column":5}},{"start":{},"end":{}}],"line":426},"30":{"loc":{"start":{"line":462,"column":4},"end":{"line":467,"column":5}},"type":"if","locations":[{"start":{"line":462,"column":4},"end":{"line":467,"column":5}},{"start":{},"end":{}}],"line":462},"31":{"loc":{"start":{"line":510,"column":21},"end":{"line":510,"column":56}},"type":"binary-expr","locations":[{"start":{"line":510,"column":21},"end":{"line":510,"column":31}},{"start":{"line":510,"column":35},"end":{"line":510,"column":49}},{"start":{"line":510,"column":53},"end":{"line":510,"column":56}}],"line":510},"32":{"loc":{"start":{"line":513,"column":12},"end":{"line":513,"column":78}},"type":"cond-expr","locations":[{"start":{"line":513,"column":33},"end":{"line":513,"column":56}},{"start":{"line":513,"column":59},"end":{"line":513,"column":78}}],"line":513},"33":{"loc":{"start":{"line":513,"column":59},"end":{"line":513,"column":78}},"type":"binary-expr","locations":[{"start":{"line":513,"column":59},"end":{"line":513,"column":67}},{"start":{"line":513,"column":71},"end":{"line":513,"column":78}}],"line":513},"34":{"loc":{"start":{"line":515,"column":8},"end":{"line":517,"column":23}},"type":"cond-expr","locations":[{"start":{"line":516,"column":12},"end":{"line":516,"column":49}},{"start":{"line":517,"column":12},"end":{"line":517,"column":23}}],"line":515}},"s":{"0":3,"1":3,"2":3,"3":3,"4":3,"5":3,"6":3,"7":3,"8":3,"9":3,"10":3,"11":3,"12":3,"13":3,"14":3,"15":3,"16":3,"17":3,"18":3,"19":0,"20":3,"21":3,"22":3,"23":1,"24":1,"25":1,"26":1,"27":1,"28":1,"29":1,"30":0,"31":1,"32":1,"33":1,"34":1,"35":0,"36":0,"37":0,"38":1,"39":1,"40":1,"41":1,"42":1,"43":1,"44":0,"45":3,"46":1,"47":1,"48":0,"49":0,"50":0,"51":0,"52":0,"53":0,"54":0,"55":0,"56":1,"57":3,"58":1,"59":1,"60":0,"61":1,"62":1,"63":1,"64":1,"65":0,"66":1,"67":0,"68":0,"69":0,"70":3,"71":0,"72":0,"73":0,"74":0,"75":0,"76":0,"77":0,"78":0,"79":0,"80":0,"81":3,"82":0,"83":0,"84":0,"85":0,"86":0,"87":0,"88":0,"89":0,"90":0,"91":0,"92":0,"93":0,"94":0,"95":0,"96":0,"97":3,"98":1,"99":1,"100":1,"101":0,"102":1,"103":0,"104":3,"105":1,"106":3,"107":0,"108":0,"109":0,"110":0,"111":0,"112":0,"113":0,"114":0,"115":0,"116":0,"117":0,"118":0,"119":0,"120":0,"121":0,"122":0,"123":0,"124":0,"125":0,"126":0,"127":0,"128":3,"129":5,"130":5,"131":1,"132":4,"133":4,"134":4,"135":3,"136":1,"137":1,"138":0,"139":3,"140":5,"141":5,"142":0,"143":5,"144":5,"145":4,"146":2,"147":2,"148":2,"149":2,"150":0,"151":2,"152":2,"153":1,"154":3,"155":0,"156":0,"157":0,"158":0,"159":3,"160":0,"161":0,"162":0,"163":0,"164":0,"165":0,"166":0,"167":0,"168":0,"169":3,"170":3,"171":3,"172":0,"173":0,"174":0,"175":0,"176":3,"177":3,"178":0,"179":3,"180":2,"181":2,"182":2,"183":3},"f":{"0":0,"1":1,"2":1,"3":1,"4":0,"5":0,"6":1,"7":1,"8":0,"9":5,"10":5,"11":0,"12":0,"13":0,"14":0,"15":2},"b":{"0":[1,1],"1":[0,1],"2":[0,1],"3":[0,0],"4":[0,0],"5":[0,1],"6":[1,1,1],"7":[0,1],"8":[0,0],"9":[0,0],"10":[0,0],"11":[0,0],"12":[0,0],"13":[0,0,0],"14":[0,0],"15":[0,0],"16":[0,0],"17":[0,0],"18":[0,0],"19":[0,1],"20":[0,0],"21":[0,0],"22":[0,0],"23":[1,4],"24":[5,5],"25":[1,0],"26":[0,5],"27":[5,5],"28":[2,2],"29":[0,2],"30":[0,0],"31":[2,2,2],"32":[2,0],"33":[0,0],"34":[2,0]},"_coverageSchema":"1a1c01bbd47fc00a2c39e90264f33305004495a9","hash":"eddf2502116eebc55fd1852ee5a5126c13e8a2b7"}
,"D:\\67160037\\student-api\\auth-helpers.js": {"path":"D:\\67160037\\student-api\\auth-helpers.js","statementMap":{"0":{"start":{"line":2,"column":15},"end":{"line":2,"column":32}},"1":{"start":{"line":3,"column":12},"end":{"line":3,"column":35}},"2":{"start":{"line":5,"column":20},"end":{"line":5,"column":22}},"3":{"start":{"line":8,"column":2},"end":{"line":8,"column":55}},"4":{"start":{"line":12,"column":2},"end":{"line":12,"column":61}},"5":{"start":{"line":16,"column":2},"end":{"line":20,"column":4}},"6":{"start":{"line":23,"column":0},"end":{"line":23,"column":65}}},"fnMap":{"0":{"name":"hashPassword","decl":{"start":{"line":7,"column":15},"end":{"line":7,"column":27}},"loc":{"start":{"line":7,"column":43},"end":{"line":9,"column":1}},"line":7},"1":{"name":"verifyPassword","decl":{"start":{"line":11,"column":15},"end":{"line":11,"column":29}},"loc":{"start":{"line":11,"column":61},"end":{"line":13,"column":1}},"line":11},"2":{"name":"generateToken","decl":{"start":{"line":15,"column":9},"end":{"line":15,"column":22}},"loc":{"start":{"line":15,"column":29},"end":{"line":21,"column":1}},"line":15}},"branchMap":{},"s":{"0":4,"1":4,"2":4,"3":8,"4":4,"5":4,"6":4},"f":{"0":8,"1":4,"2":4},"b":{},"_coverageSchema":"1a1c01bbd47fc00a2c39e90264f33305004495a9","hash":"ff41484823fcc39c47b4f0489bd2c2eb4b699c55"}
,"D:\\67160037\\student-api\\cache.js": {"path":"D:\\67160037\\student-api\\cache.js","statementMap":{"0":{"start":{"line":1,"column":25},"end":{"line":1,"column":41}},"1":{"start":{"line":3,"column":20},"end":{"line":3,"column":64}},"2":{"start":{"line":5,"column":0},"end":{"line":5,"column":75}},"3":{"start":{"line":5,"column":33},"end":{"line":5,"column":73}},"4":{"start":{"line":8,"column":2},"end":{"line":8,"column":30}},"5":{"start":{"line":9,"column":2},"end":{"line":9,"column":40}},"6":{"start":{"line":12,"column":0},"end":{"line":12,"column":47}}},"fnMap":{"0":{"name":"(anonymous_0)","decl":{"start":{"line":5,"column":24},"end":{"line":5,"column":25}},"loc":{"start":{"line":5,"column":33},"end":{"line":5,"column":73}},"line":5},"1":{"name":"connectRedis","decl":{"start":{"line":7,"column":15},"end":{"line":7,"column":27}},"loc":{"start":{"line":7,"column":30},"end":{"line":10,"column":1}},"line":7}},"branchMap":{},"s":{"0":2,"1":2,"2":2,"3":0,"4":0,"5":0,"6":2},"f":{"0":0,"1":0},"b":{},"_coverageSchema":"1a1c01bbd47fc00a2c39e90264f33305004495a9","hash":"529ddc03805fe5e1f34ba929fae1509488d17884"}
,"D:\\67160037\\student-api\\db.js": {"path":"D:\\67160037\\student-api\\db.js","statementMap":{"0":{"start":{"line":1,"column":14},"end":{"line":1,"column":39}},"1":{"start":{"line":3,"column":13},"end":{"line":11,"column":2}},"2":{"start":{"line":13,"column":0},"end":{"line":13,"column":22}}},"fnMap":{},"branchMap":{},"s":{"0":3,"1":3,"2":3},"f":{},"b":{},"_coverageSchema":"1a1c01bbd47fc00a2c39e90264f33305004495a9","hash":"539a6a29293e9bb7f1bfdd33367d8c889784acdf"}
,"D:\\67160037\\student-api\\resolvers.js": {"path":"D:\\67160037\\student-api\\resolvers.js","statementMap":{"0":{"start":{"line":1,"column":15},"end":{"line":18,"column":1}},"1":{"start":{"line":20,"column":14},"end":{"line":23,"column":1}},"2":{"start":{"line":25,"column":20},"end":{"line":25,"column":21}},"3":{"start":{"line":28,"column":2},"end":{"line":31,"column":4}},"4":{"start":{"line":30,"column":35},"end":{"line":30,"column":67}},"5":{"start":{"line":34,"column":13},"end":{"line":121,"column":1}},"6":{"start":{"line":37,"column":20},"end":{"line":37,"column":61}},"7":{"start":{"line":37,"column":41},"end":{"line":37,"column":60}},"8":{"start":{"line":38,"column":4},"end":{"line":38,"column":52}},"9":{"start":{"line":42,"column":17},"end":{"line":42,"column":25}},"10":{"start":{"line":44,"column":4},"end":{"line":46,"column":5}},"11":{"start":{"line":45,"column":6},"end":{"line":45,"column":55}},"12":{"start":{"line":45,"column":36},"end":{"line":45,"column":53}},"13":{"start":{"line":48,"column":4},"end":{"line":50,"column":5}},"14":{"start":{"line":49,"column":6},"end":{"line":49,"column":72}},"15":{"start":{"line":49,"column":42},"end":{"line":49,"column":70}},"16":{"start":{"line":52,"column":4},"end":{"line":52,"column":38}},"17":{"start":{"line":55,"column":22},"end":{"line":55,"column":37}},"18":{"start":{"line":57,"column":22},"end":{"line":57,"column":70}},"19":{"start":{"line":57,"column":42},"end":{"line":57,"column":61}},"20":{"start":{"line":60,"column":4},"end":{"line":62,"column":5}},"21":{"start":{"line":61,"column":6},"end":{"line":61,"column":21}},"22":{"start":{"line":63,"column":4},"end":{"line":63,"column":56}},"23":{"start":{"line":63,"column":33},"end":{"line":63,"column":54}},"24":{"start":{"line":67,"column":25},"end":{"line":67,"column":46}},"25":{"start":{"line":68,"column":4},"end":{"line":74,"column":27}},"26":{"start":{"line":71,"column":10},"end":{"line":72,"column":54}},"27":{"start":{"line":79,"column":23},"end":{"line":86,"column":5}},"28":{"start":{"line":87,"column":4},"end":{"line":87,"column":30}},"29":{"start":{"line":88,"column":4},"end":{"line":88,"column":38}},"30":{"start":{"line":93,"column":20},"end":{"line":93,"column":61}},"31":{"start":{"line":93,"column":41},"end":{"line":93,"column":60}},"32":{"start":{"line":95,"column":4},"end":{"line":97,"column":5}},"33":{"start":{"line":96,"column":6},"end":{"line":96,"column":18}},"34":{"start":{"line":99,"column":4},"end":{"line":99,"column":60}},"35":{"start":{"line":99,"column":34},"end":{"line":99,"column":60}},"36":{"start":{"line":100,"column":4},"end":{"line":100,"column":63}},"37":{"start":{"line":100,"column":35},"end":{"line":100,"column":63}},"38":{"start":{"line":101,"column":4},"end":{"line":101,"column":63}},"39":{"start":{"line":101,"column":35},"end":{"line":101,"column":63}},"40":{"start":{"line":102,"column":4},"end":{"line":102,"column":63}},"41":{"start":{"line":102,"column":35},"end":{"line":102,"column":63}},"42":{"start":{"line":103,"column":4},"end":{"line":105,"column":5}},"43":{"start":{"line":104,"column":6},"end":{"line":104,"column":54}},"44":{"start":{"line":107,"column":4},"end":{"line":107,"column":35}},"45":{"start":{"line":112,"column":18},"end":{"line":112,"column":64}},"46":{"start":{"line":112,"column":44},"end":{"line":112,"column":63}},"47":{"start":{"line":114,"column":4},"end":{"line":116,"column":5}},"48":{"start":{"line":115,"column":6},"end":{"line":115,"column":76}},"49":{"start":{"line":118,"column":4},"end":{"line":118,"column":30}},"50":{"start":{"line":119,"column":4},"end":{"line":119,"column":64}},"51":{"start":{"line":123,"column":0},"end":{"line":123,"column":22}}},"fnMap":{"0":{"name":"resolveStudent","decl":{"start":{"line":27,"column":9},"end":{"line":27,"column":23}},"loc":{"start":{"line":27,"column":33},"end":{"line":32,"column":1}},"line":27},"1":{"name":"(anonymous_1)","decl":{"start":{"line":30,"column":28},"end":{"line":30,"column":29}},"loc":{"start":{"line":30,"column":35},"end":{"line":30,"column":67}},"line":30},"2":{"name":"(anonymous_2)","decl":{"start":{"line":36,"column":11},"end":{"line":36,"column":12}},"loc":{"start":{"line":36,"column":23},"end":{"line":39,"column":3}},"line":36},"3":{"name":"(anonymous_3)","decl":{"start":{"line":37,"column":34},"end":{"line":37,"column":35}},"loc":{"start":{"line":37,"column":41},"end":{"line":37,"column":60}},"line":37},"4":{"name":"(anonymous_4)","decl":{"start":{"line":41,"column":12},"end":{"line":41,"column":13}},"loc":{"start":{"line":41,"column":35},"end":{"line":53,"column":3}},"line":41},"5":{"name":"(anonymous_5)","decl":{"start":{"line":45,"column":29},"end":{"line":45,"column":30}},"loc":{"start":{"line":45,"column":36},"end":{"line":45,"column":53}},"line":45},"6":{"name":"(anonymous_6)","decl":{"start":{"line":49,"column":32},"end":{"line":49,"column":33}},"loc":{"start":{"line":49,"column":42},"end":{"line":49,"column":70}},"line":49},"7":{"name":"(anonymous_7)","decl":{"start":{"line":55,"column":16},"end":{"line":55,"column":17}},"loc":{"start":{"line":55,"column":22},"end":{"line":55,"column":37}},"line":55},"8":{"name":"(anonymous_8)","decl":{"start":{"line":57,"column":10},"end":{"line":57,"column":11}},"loc":{"start":{"line":57,"column":22},"end":{"line":57,"column":70}},"line":57},"9":{"name":"(anonymous_9)","decl":{"start":{"line":57,"column":35},"end":{"line":57,"column":36}},"loc":{"start":{"line":57,"column":42},"end":{"line":57,"column":61}},"line":57},"10":{"name":"(anonymous_10)","decl":{"start":{"line":59,"column":11},"end":{"line":59,"column":12}},"loc":{"start":{"line":59,"column":30},"end":{"line":64,"column":3}},"line":59},"11":{"name":"(anonymous_11)","decl":{"start":{"line":63,"column":26},"end":{"line":63,"column":27}},"loc":{"start":{"line":63,"column":33},"end":{"line":63,"column":54}},"line":63},"12":{"name":"(anonymous_12)","decl":{"start":{"line":66,"column":18},"end":{"line":66,"column":19}},"loc":{"start":{"line":66,"column":35},"end":{"line":75,"column":3}},"line":66},"13":{"name":"(anonymous_13)","decl":{"start":{"line":70,"column":8},"end":{"line":70,"column":9}},"loc":{"start":{"line":71,"column":10},"end":{"line":72,"column":54}},"line":71},"14":{"name":"(anonymous_14)","decl":{"start":{"line":78,"column":17},"end":{"line":78,"column":18}},"loc":{"start":{"line":78,"column":32},"end":{"line":89,"column":3}},"line":78},"15":{"name":"(anonymous_15)","decl":{"start":{"line":92,"column":17},"end":{"line":92,"column":18}},"loc":{"start":{"line":92,"column":36},"end":{"line":108,"column":3}},"line":92},"16":{"name":"(anonymous_16)","decl":{"start":{"line":93,"column":34},"end":{"line":93,"column":35}},"loc":{"start":{"line":93,"column":41},"end":{"line":93,"column":60}},"line":93},"17":{"name":"(anonymous_17)","decl":{"start":{"line":111,"column":17},"end":{"line":111,"column":18}},"loc":{"start":{"line":111,"column":29},"end":{"line":120,"column":3}},"line":111},"18":{"name":"(anonymous_18)","decl":{"start":{"line":112,"column":37},"end":{"line":112,"column":38}},"loc":{"start":{"line":112,"column":44},"end":{"line":112,"column":63}},"line":112}},"branchMap":{"0":{"loc":{"start":{"line":38,"column":11},"end":{"line":38,"column":51}},"type":"cond-expr","locations":[{"start":{"line":38,"column":21},"end":{"line":38,"column":44}},{"start":{"line":38,"column":47},"end":{"line":38,"column":51}}],"line":38},"1":{"loc":{"start":{"line":44,"column":4},"end":{"line":46,"column":5}},"type":"if","locations":[{"start":{"line":44,"column":4},"end":{"line":46,"column":5}},{"start":{},"end":{}}],"line":44},"2":{"loc":{"start":{"line":48,"column":4},"end":{"line":50,"column":5}},"type":"if","locations":[{"start":{"line":48,"column":4},"end":{"line":50,"column":5}},{"start":{},"end":{}}],"line":48},"3":{"loc":{"start":{"line":57,"column":22},"end":{"line":57,"column":70}},"type":"binary-expr","locations":[{"start":{"line":57,"column":22},"end":{"line":57,"column":62}},{"start":{"line":57,"column":66},"end":{"line":57,"column":70}}],"line":57},"4":{"loc":{"start":{"line":60,"column":4},"end":{"line":62,"column":5}},"type":"if","locations":[{"start":{"line":60,"column":4},"end":{"line":62,"column":5}},{"start":{},"end":{}}],"line":60},"5":{"loc":{"start":{"line":60,"column":8},"end":{"line":60,"column":53}},"type":"binary-expr","locations":[{"start":{"line":60,"column":8},"end":{"line":60,"column":31}},{"start":{"line":60,"column":35},"end":{"line":60,"column":53}}],"line":60},"6":{"loc":{"start":{"line":71,"column":10},"end":{"line":72,"column":54}},"type":"binary-expr","locations":[{"start":{"line":71,"column":10},"end":{"line":71,"column":53}},{"start":{"line":72,"column":10},"end":{"line":72,"column":54}}],"line":71},"7":{"loc":{"start":{"line":85,"column":18},"end":{"line":85,"column":39}},"type":"binary-expr","locations":[{"start":{"line":85,"column":18},"end":{"line":85,"column":33}},{"start":{"line":85,"column":37},"end":{"line":85,"column":39}}],"line":85},"8":{"loc":{"start":{"line":95,"column":4},"end":{"line":97,"column":5}},"type":"if","locations":[{"start":{"line":95,"column":4},"end":{"line":97,"column":5}},{"start":{},"end":{}}],"line":95},"9":{"loc":{"start":{"line":99,"column":4},"end":{"line":99,"column":60}},"type":"if","locations":[{"start":{"line":99,"column":4},"end":{"line":99,"column":60}},{"start":{},"end":{}}],"line":99},"10":{"loc":{"start":{"line":100,"column":4},"end":{"line":100,"column":63}},"type":"if","locations":[{"start":{"line":100,"column":4},"end":{"line":100,"column":63}},{"start":{},"end":{}}],"line":100},"11":{"loc":{"start":{"line":101,"column":4},"end":{"line":101,"column":63}},"type":"if","locations":[{"start":{"line":101,"column":4},"end":{"line":101,"column":63}},{"start":{},"end":{}}],"line":101},"12":{"loc":{"start":{"line":102,"column":4},"end":{"line":102,"column":63}},"type":"if","locations":[{"start":{"line":102,"column":4},"end":{"line":102,"column":63}},{"start":{},"end":{}}],"line":102},"13":{"loc":{"start":{"line":103,"column":4},"end":{"line":105,"column":5}},"type":"if","locations":[{"start":{"line":103,"column":4},"end":{"line":105,"column":5}},{"start":{},"end":{}}],"line":103},"14":{"loc":{"start":{"line":114,"column":4},"end":{"line":116,"column":5}},"type":"if","locations":[{"start":{"line":114,"column":4},"end":{"line":116,"column":5}},{"start":{},"end":{}}],"line":114}},"s":{"0":3,"1":3,"2":3,"3":0,"4":0,"5":3,"6":0,"7":0,"8":0,"9":0,"10":0,"11":0,"12":0,"13":0,"14":0,"15":0,"16":0,"17":0,"18":0,"19":0,"20":0,"21":0,"22":0,"23":0,"24":0,"25":0,"26":0,"27":0,"28":0,"29":0,"30":0,"31":0,"32":0,"33":0,"34":0,"35":0,"36":0,"37":0,"38":0,"39":0,"40":0,"41":0,"42":0,"43":0,"44":0,"45":0,"46":0,"47":0,"48":0,"49":0,"50":0,"51":3},"f":{"0":0,"1":0,"2":0,"3":0,"4":0,"5":0,"6":0,"7":0,"8":0,"9":0,"10":0,"11":0,"12":0,"13":0,"14":0,"15":0,"16":0,"17":0,"18":0},"b":{"0":[0,0],"1":[0,0],"2":[0,0],"3":[0,0],"4":[0,0],"5":[0,0],"6":[0,0],"7":[0,0],"8":[0,0],"9":[0,0],"10":[0,0],"11":[0,0],"12":[0,0],"13":[0,0],"14":[0,0]},"_coverageSchema":"1a1c01bbd47fc00a2c39e90264f33305004495a9","hash":"3a8b6c8ff0120b26faa4ae48e888e29f896e07b5"}
,"D:\\67160037\\student-api\\schema.js": {"path":"D:\\67160037\\student-api\\schema.js","statementMap":{"0":{"start":{"line":1,"column":24},"end":{"line":1,"column":42}},"1":{"start":{"line":3,"column":15},"end":{"line":54,"column":2}},"2":{"start":{"line":56,"column":0},"end":{"line":56,"column":24}}},"fnMap":{},"branchMap":{},"s":{"0":3,"1":3,"2":3},"f":{},"b":{},"_coverageSchema":"1a1c01bbd47fc00a2c39e90264f33305004495a9","hash":"77f2a6b4d1c4ec23d20b40440863d40b1641371a"}
,"D:\\67160037\\student-api\\middlewares\\auth.js": {"path":"D:\\67160037\\student-api\\middlewares\\auth.js","statementMap":{"0":{"start":{"line":1,"column":12},"end":{"line":1,"column":35}},"1":{"start":{"line":4,"column":21},"end":{"line":4,"column":49}},"2":{"start":{"line":5,"column":16},"end":{"line":5,"column":54}},"3":{"start":{"line":7,"column":2},"end":{"line":11,"column":3}},"4":{"start":{"line":8,"column":4},"end":{"line":10,"column":7}},"5":{"start":{"line":13,"column":2},"end":{"line":20,"column":3}},"6":{"start":{"line":14,"column":4},"end":{"line":14,"column":57}},"7":{"start":{"line":15,"column":4},"end":{"line":15,"column":11}},"8":{"start":{"line":17,"column":4},"end":{"line":19,"column":7}},"9":{"start":{"line":24,"column":2},"end":{"line":40,"column":4}},"10":{"start":{"line":25,"column":4},"end":{"line":29,"column":5}},"11":{"start":{"line":26,"column":6},"end":{"line":28,"column":9}},"12":{"start":{"line":31,"column":4},"end":{"line":38,"column":5}},"13":{"start":{"line":32,"column":6},"end":{"line":37,"column":9}},"14":{"start":{"line":39,"column":4},"end":{"line":39,"column":11}},"15":{"start":{"line":43,"column":0},"end":{"line":43,"column":54}}},"fnMap":{"0":{"name":"authenticateToken","decl":{"start":{"line":3,"column":9},"end":{"line":3,"column":26}},"loc":{"start":{"line":3,"column":43},"end":{"line":21,"column":1}},"line":3},"1":{"name":"authorizeRole","decl":{"start":{"line":23,"column":9},"end":{"line":23,"column":22}},"loc":{"start":{"line":23,"column":40},"end":{"line":41,"column":1}},"line":23},"2":{"name":"(anonymous_2)","decl":{"start":{"line":24,"column":9},"end":{"line":24,"column":10}},"loc":{"start":{"line":24,"column":29},"end":{"line":40,"column":3}},"line":24}},"branchMap":{"0":{"loc":{"start":{"line":5,"column":16},"end":{"line":5,"column":54}},"type":"binary-expr","locations":[{"start":{"line":5,"column":16},"end":{"line":5,"column":26}},{"start":{"line":5,"column":30},"end":{"line":5,"column":54}}],"line":5},"1":{"loc":{"start":{"line":7,"column":2},"end":{"line":11,"column":3}},"type":"if","locations":[{"start":{"line":7,"column":2},"end":{"line":11,"column":3}},{"start":{},"end":{}}],"line":7},"2":{"loc":{"start":{"line":25,"column":4},"end":{"line":29,"column":5}},"type":"if","locations":[{"start":{"line":25,"column":4},"end":{"line":29,"column":5}},{"start":{},"end":{}}],"line":25},"3":{"loc":{"start":{"line":31,"column":4},"end":{"line":38,"column":5}},"type":"if","locations":[{"start":{"line":31,"column":4},"end":{"line":38,"column":5}},{"start":{},"end":{}}],"line":31}},"s":{"0":3,"1":3,"2":3,"3":3,"4":1,"5":2,"6":2,"7":2,"8":0,"9":3,"10":1,"11":0,"12":1,"13":0,"14":1,"15":3},"f":{"0":3,"1":3,"2":1},"b":{"0":[3,2],"1":[1,2],"2":[0,1],"3":[0,1]},"_coverageSchema":"1a1c01bbd47fc00a2c39e90264f33305004495a9","hash":"a406157ec76571abd7a461fd740765edeecc29f1"}
,"D:\\67160037\\student-api\\middlewares\\query-parser.js": {"path":"D:\\67160037\\student-api\\middlewares\\query-parser.js","statementMap":{"0":{"start":{"line":3,"column":2},"end":{"line":6,"column":4}},"1":{"start":{"line":7,"column":2},"end":{"line":7,"column":75}},"2":{"start":{"line":8,"column":2},"end":{"line":8,"column":9}},"3":{"start":{"line":11,"column":28},"end":{"line":11,"column":65}},"4":{"start":{"line":13,"column":2},"end":{"line":16,"column":4}},"5":{"start":{"line":17,"column":2},"end":{"line":17,"column":9}},"6":{"start":{"line":22,"column":27},"end":{"line":22,"column":56}},"7":{"start":{"line":23,"column":2},"end":{"line":23,"column":55}},"8":{"start":{"line":24,"column":2},"end":{"line":24,"column":71}},"9":{"start":{"line":25,"column":2},"end":{"line":25,"column":9}},"10":{"start":{"line":28,"column":0},"end":{"line":28,"column":68}}},"fnMap":{"0":{"name":"parsePagination","decl":{"start":{"line":2,"column":9},"end":{"line":2,"column":24}},"loc":{"start":{"line":2,"column":41},"end":{"line":9,"column":1}},"line":2},"1":{"name":"parseSort","decl":{"start":{"line":12,"column":9},"end":{"line":12,"column":18}},"loc":{"start":{"line":12,"column":35},"end":{"line":18,"column":1}},"line":12},"2":{"name":"deprecationWarning","decl":{"start":{"line":21,"column":9},"end":{"line":21,"column":27}},"loc":{"start":{"line":21,"column":44},"end":{"line":26,"column":1}},"line":21}},"branchMap":{"0":{"loc":{"start":{"line":4,"column":22},"end":{"line":4,"column":51}},"type":"binary-expr","locations":[{"start":{"line":4,"column":22},"end":{"line":4,"column":46}},{"start":{"line":4,"column":50},"end":{"line":4,"column":51}}],"line":4},"1":{"loc":{"start":{"line":5,"column":25},"end":{"line":5,"column":56}},"type":"binary-expr","locations":[{"start":{"line":5,"column":25},"end":{"line":5,"column":50}},{"start":{"line":5,"column":54},"end":{"line":5,"column":56}}],"line":5},"2":{"loc":{"start":{"line":14,"column":11},"end":{"line":14,"column":79}},"type":"cond-expr","locations":[{"start":{"line":14,"column":58},"end":{"line":14,"column":72}},{"start":{"line":14,"column":75},"end":{"line":14,"column":79}}],"line":14},"3":{"loc":{"start":{"line":15,"column":11},"end":{"line":15,"column":54}},"type":"cond-expr","locations":[{"start":{"line":15,"column":40},"end":{"line":15,"column":46}},{"start":{"line":15,"column":49},"end":{"line":15,"column":54}}],"line":15}},"s":{"0":1,"1":1,"2":1,"3":3,"4":1,"5":1,"6":16,"7":16,"8":16,"9":16,"10":3},"f":{"0":1,"1":1,"2":16},"b":{"0":[1,0],"1":[1,0],"2":[0,1],"3":[0,1]},"_coverageSchema":"1a1c01bbd47fc00a2c39e90264f33305004495a9","hash":"da89ee1cd384f50af74acdd0d466ebed9b338940"}
}
