TN:
SF:app.js
FN:45,(anonymous_0)
FN:62,(anonymous_1)
FN:120,(anonymous_2)
FN:155,(anonymous_3)
FN:194,(anonymous_4)
FN:229,(anonymous_5)
FN:285,(anonymous_6)
FN:303,(anonymous_7)
FN:308,(anonymous_8)
FN:364,(anonymous_9)
FN:397,(anonymous_10)
FN:443,(anonymous_11)
FN:458,(anonymous_12)
FN:488,(anonymous_13)
FN:502,(anonymous_14)
FN:508,(anonymous_15)
FNF:16
FNH:8
FNDA:0,(anonymous_0)
FNDA:1,(anonymous_1)
FNDA:1,(anonymous_2)
FNDA:1,(anonymous_3)
FNDA:0,(anonymous_4)
FNDA:0,(anonymous_5)
FNDA:1,(anonymous_6)
FNDA:1,(anonymous_7)
FNDA:0,(anonymous_8)
FNDA:5,(anonymous_9)
FNDA:5,(anonymous_10)
FNDA:0,(anonymous_11)
FNDA:0,(anonymous_12)
FNDA:0,(anonymous_13)
FNDA:0,(anonymous_14)
FNDA:2,(anonymous_15)
DA:1,3
DA:2,3
DA:3,3
DA:4,3
DA:5,3
DA:6,3
DA:7,3
DA:8,3
DA:9,3
DA:14,3
DA:15,3
DA:20,3
DA:22,3
DA:25,3
DA:26,3
DA:32,3
DA:33,3
DA:35,3
DA:45,3
DA:46,0
DA:52,3
DA:55,3
DA:58,3
DA:63,1
DA:64,1
DA:65,1
DA:68,1
DA:70,1
DA:72,1
DA:73,1
DA:74,0
DA:80,1
DA:81,1
DA:82,1
DA:84,1
DA:85,0
DA:86,0
DA:87,0
DA:91,1
DA:93,1
DA:94,1
DA:96,1
DA:107,1
DA:109,1
DA:114,0
DA:120,3
DA:121,1
DA:122,1
DA:126,0
DA:127,0
DA:132,0
DA:133,0
DA:135,0
DA:136,0
DA:142,0
DA:148,0
DA:150,1
DA:155,3
DA:156,1
DA:158,1
DA:159,0
DA:167,1
DA:168,1
DA:174,1
DA:175,1
DA:176,0
DA:179,1
DA:184,0
DA:185,0
DA:189,0
DA:194,3
DA:195,0
DA:197,0
DA:198,0
DA:206,0
DA:207,0
DA:212,0
DA:213,0
DA:218,0
DA:222,0
DA:224,0
DA:229,3
DA:230,0
DA:232,0
DA:233,0
DA:241,0
DA:242,0
DA:247,0
DA:248,0
DA:253,0
DA:254,0
DA:260,0
DA:265,0
DA:269,0
DA:271,0
DA:272,0
DA:276,0
DA:281,3
DA:286,1
DA:287,1
DA:290,1
DA:291,0
DA:295,1
DA:297,0
DA:303,3
DA:304,1
DA:308,3
DA:309,0
DA:310,0
DA:311,0
DA:313,0
DA:314,0
DA:316,0
DA:321,0
DA:322,0
DA:323,0
DA:328,0
DA:329,0
DA:330,0
DA:335,0
DA:340,0
DA:345,0
DA:346,0
DA:348,0
DA:349,0
DA:350,0
DA:357,0
DA:359,0
DA:364,3
DA:365,5
DA:367,5
DA:368,1
DA:376,4
DA:377,4
DA:378,4
DA:383,3
DA:388,1
DA:389,1
DA:393,0
DA:397,3
DA:398,5
DA:400,5
DA:401,0
DA:409,5
DA:410,5
DA:414,4
DA:415,2
DA:423,2
DA:424,2
DA:426,2
DA:427,0
DA:435,2
DA:436,2
DA:438,1
DA:443,3
DA:444,0
DA:445,0
DA:451,0
DA:453,0
DA:458,3
DA:459,0
DA:460,0
DA:461,0
DA:462,0
DA:463,0
DA:469,0
DA:470,0
DA:472,0
DA:477,0
DA:481,3
DA:486,3
DA:488,3
DA:489,0
DA:490,0
DA:491,0
DA:493,0
DA:497,3
DA:502,3
DA:503,0
DA:508,3
DA:509,2
DA:510,2
DA:511,2
DA:522,3
LF:184
LH:96
BRDA:68,0,0,1
BRDA:68,0,1,1
BRDA:73,1,0,0
BRDA:73,1,1,1
BRDA:84,2,0,0
BRDA:84,2,1,1
BRDA:126,3,0,0
BRDA:126,3,1,0
BRDA:135,4,0,0
BRDA:135,4,1,0
BRDA:158,5,0,0
BRDA:158,5,1,1
BRDA:158,6,0,1
BRDA:158,6,1,1
BRDA:158,6,2,1
BRDA:175,7,0,0
BRDA:175,7,1,1
BRDA:184,8,0,0
BRDA:184,8,1,0
BRDA:197,9,0,0
BRDA:197,9,1,0
BRDA:197,10,0,0
BRDA:197,10,1,0
BRDA:212,11,0,0
BRDA:212,11,1,0
BRDA:232,12,0,0
BRDA:232,12,1,0
BRDA:232,13,0,0
BRDA:232,13,1,0
BRDA:232,13,2,0
BRDA:247,14,0,0
BRDA:247,14,1,0
BRDA:255,15,0,0
BRDA:255,15,1,0
BRDA:256,16,0,0
BRDA:256,16,1,0
BRDA:257,17,0,0
BRDA:257,17,1,0
BRDA:271,18,0,0
BRDA:271,18,1,0
BRDA:290,19,0,0
BRDA:290,19,1,1
BRDA:321,20,0,0
BRDA:321,20,1,0
BRDA:328,21,0,0
BRDA:328,21,1,0
BRDA:349,22,0,0
BRDA:349,22,1,0
BRDA:367,23,0,1
BRDA:367,23,1,4
BRDA:367,24,0,5
BRDA:367,24,1,5
BRDA:388,25,0,1
BRDA:388,25,1,0
BRDA:400,26,0,0
BRDA:400,26,1,5
BRDA:400,27,0,5
BRDA:400,27,1,5
BRDA:414,28,0,2
BRDA:414,28,1,2
BRDA:426,29,0,0
BRDA:426,29,1,2
BRDA:462,30,0,0
BRDA:462,30,1,0
BRDA:510,31,0,2
BRDA:510,31,1,2
BRDA:510,31,2,2
BRDA:513,32,0,2
BRDA:513,32,1,0
BRDA:513,33,0,0
BRDA:513,33,1,0
BRDA:515,34,0,2
BRDA:515,34,1,0
BRF:73
BRH:26
end_of_record
TN:
SF:auth-helpers.js
FN:7,hashPassword
FN:11,verifyPassword
FN:15,generateToken
FNF:3
FNH:3
FNDA:8,hashPassword
FNDA:4,verifyPassword
FNDA:4,generateToken
DA:2,4
DA:3,4
DA:5,4
DA:8,8
DA:12,4
DA:16,4
DA:23,4
LF:7
LH:7
BRF:0
BRH:0
end_of_record
TN:
SF:cache.js
FN:5,(anonymous_0)
FN:7,connectRedis
FNF:2
FNH:0
FNDA:0,(anonymous_0)
FNDA:0,connectRedis
DA:1,2
DA:3,2
DA:5,2
DA:8,0
DA:9,0
DA:12,2
LF:6
LH:4
BRF:0
BRH:0
end_of_record
TN:
SF:db.js
FNF:0
FNH:0
DA:1,3
DA:3,3
DA:13,3
LF:3
LH:3
BRF:0
BRH:0
end_of_record
TN:
SF:resolvers.js
FN:27,resolveStudent
FN:30,(anonymous_1)
FN:36,(anonymous_2)
FN:37,(anonymous_3)
FN:41,(anonymous_4)
FN:45,(anonymous_5)
FN:49,(anonymous_6)
FN:55,(anonymous_7)
FN:57,(anonymous_8)
FN:57,(anonymous_9)
FN:59,(anonymous_10)
FN:63,(anonymous_11)
FN:66,(anonymous_12)
FN:70,(anonymous_13)
FN:78,(anonymous_14)
FN:92,(anonymous_15)
FN:93,(anonymous_16)
FN:111,(anonymous_17)
FN:112,(anonymous_18)
FNF:19
FNH:0
FNDA:0,resolveStudent
FNDA:0,(anonymous_1)
FNDA:0,(anonymous_2)
FNDA:0,(anonymous_3)
FNDA:0,(anonymous_4)
FNDA:0,(anonymous_5)
FNDA:0,(anonymous_6)
FNDA:0,(anonymous_7)
FNDA:0,(anonymous_8)
FNDA:0,(anonymous_9)
FNDA:0,(anonymous_10)
FNDA:0,(anonymous_11)
FNDA:0,(anonymous_12)
FNDA:0,(anonymous_13)
FNDA:0,(anonymous_14)
FNDA:0,(anonymous_15)
FNDA:0,(anonymous_16)
FNDA:0,(anonymous_17)
FNDA:0,(anonymous_18)
DA:1,3
DA:20,3
DA:25,3
DA:28,0
DA:30,0
DA:34,3
DA:37,0
DA:38,0
DA:42,0
DA:44,0
DA:45,0
DA:48,0
DA:49,0
DA:52,0
DA:55,0
DA:57,0
DA:60,0
DA:61,0
DA:63,0
DA:67,0
DA:68,0
DA:71,0
DA:79,0
DA:87,0
DA:88,0
DA:93,0
DA:95,0
DA:96,0
DA:99,0
DA:100,0
DA:101,0
DA:102,0
DA:103,0
DA:104,0
DA:107,0
DA:112,0
DA:114,0
DA:115,0
DA:118,0
DA:119,0
DA:123,3
LF:41
LH:5
BRDA:38,0,0,0
BRDA:38,0,1,0
BRDA:44,1,0,0
BRDA:44,1,1,0
BRDA:48,2,0,0
BRDA:48,2,1,0
BRDA:57,3,0,0
BRDA:57,3,1,0
BRDA:60,4,0,0
BRDA:60,4,1,0
BRDA:60,5,0,0
BRDA:60,5,1,0
BRDA:71,6,0,0
BRDA:71,6,1,0
BRDA:85,7,0,0
BRDA:85,7,1,0
BRDA:95,8,0,0
BRDA:95,8,1,0
BRDA:99,9,0,0
BRDA:99,9,1,0
BRDA:100,10,0,0
BRDA:100,10,1,0
BRDA:101,11,0,0
BRDA:101,11,1,0
BRDA:102,12,0,0
BRDA:102,12,1,0
BRDA:103,13,0,0
BRDA:103,13,1,0
BRDA:114,14,0,0
BRDA:114,14,1,0
BRF:30
BRH:0
end_of_record
TN:
SF:schema.js
FNF:0
FNH:0
DA:1,3
DA:3,3
DA:56,3
LF:3
LH:3
BRF:0
BRH:0
end_of_record
TN:
SF:middlewares\auth.js
FN:3,authenticateToken
FN:23,authorizeRole
FN:24,(anonymous_2)
FNF:3
FNH:3
FNDA:3,authenticateToken
FNDA:3,authorizeRole
FNDA:1,(anonymous_2)
DA:1,3
DA:4,3
DA:5,3
DA:7,3
DA:8,1
DA:13,2
DA:14,2
DA:15,2
DA:17,0
DA:24,3
DA:25,1
DA:26,0
DA:31,1
DA:32,0
DA:39,1
DA:43,3
LF:16
LH:13
BRDA:5,0,0,3
BRDA:5,0,1,2
BRDA:7,1,0,1
BRDA:7,1,1,2
BRDA:25,2,0,0
BRDA:25,2,1,1
BRDA:31,3,0,0
BRDA:31,3,1,1
BRF:8
BRH:6
end_of_record
TN:
SF:middlewares\query-parser.js
FN:2,parsePagination
FN:12,parseSort
FN:21,deprecationWarning
FNF:3
FNH:3
FNDA:1,parsePagination
FNDA:1,parseSort
FNDA:16,deprecationWarning
DA:3,1
DA:7,1
DA:8,1
DA:11,3
DA:13,1
DA:17,1
DA:22,16
DA:23,16
DA:24,16
DA:25,16
DA:28,3
LF:11
LH:11
BRDA:4,0,0,1
BRDA:4,0,1,0
BRDA:5,1,0,1
BRDA:5,1,1,0
BRDA:14,2,0,0
BRDA:14,2,1,1
BRDA:15,3,0,0
BRDA:15,3,1,1
BRF:8
BRH:4
end_of_record
